Base path: C:/Program Files (x86)/Unity/Editor/Data
Pipe name: \\.\pipe\UnityShaderCompiler-1-4568
Cmd: getPlatforms
Cmd: preprocess
  insize=786 outsize=1916 ok=1
Cmd: compileSnippet
  api=4 type=0 insize=4638 outsize=3387 kw=DIRECTIONAL SHADOWS_OFF LIGHTMAP_OFF DIRLIGHTMAP_OFF ok=1
Cmd: compileSnippet
  api=4 type=1 insize=4638 outsize=1916 kw=DIRECTIONAL SHADOWS_OFF LIGHTMAP_OFF DIRLIGHTMAP_OFF ok=1
Cmd: compileSnippet
  api=4 type=0 insize=2500 outsize=3037 kw=POINT ok=1
Cmd: compileSnippet
  api=4 type=1 insize=2500 outsize=2184 kw=POINT ok=1
Cmd: compileSnippet
  api=4 type=0 insize=2608 outsize=3005 kw= ok=1
Cmd: compileSnippet
  api=4 type=1 insize=2608 outsize=1851 kw= ok=1
Cmd: compileSnippet
  api=4 type=0 insize=4310 outsize=2972 kw=LIGHTMAP_OFF DIRLIGHTMAP_OFF HDR_LIGHT_PREPASS_OFF ok=1
Cmd: compileSnippet
  api=4 type=1 insize=4310 outsize=1428 kw=LIGHTMAP_OFF DIRLIGHTMAP_OFF HDR_LIGHT_PREPASS_OFF ok=1
Cmd: compileSnippet
  api=4 type=0 insize=1906 outsize=1648 kw=SHADOWS_DEPTH ok=1
Cmd: compileSnippet
  api=4 type=1 insize=1906 outsize=892 kw=SHADOWS_DEPTH ok=1
Cmd: preprocess
  insize=786 outsize=1916 ok=1
